<?xml version="1.0" encoding="UTF-8"?>
<!-- Generated by org.testng.reporters.JUnitXMLReporter -->
<testsuite hostname="MONO-HYD-LAP-67" ignored="0" name="Test" tests="19" failures="1" timestamp="2020-11-17T10:48:41 IST" time="34.668" errors="0">
  <testcase name="user_is_On_TPD_Login_Page" time="9.99" classname="stepDefinations.TpdDef"/>
  <testcase name="user_enters_Username_and_Password_and_clicks_on_log_in" time="3.261" classname="stepDefinations.TpdDef"/>
  <testcase name="validate_User_is_on_TPD_Page" time="0.01" classname="stepDefinations.TpdDef"/>
  <testcase name="select_cycle_month_year_in_the_dropdown_and_click_on_search" time="2.334" classname="stepDefinations.TpdDef"/>
  <testcase name="verify_commission_statement_is_displayed" time="2.018" classname="stepDefinations.TpdDef"/>
  <testcase name="user_clicks_on_show_hide" time="2.633" classname="stepDefinations.TpdDef"/>
  <testcase name="user_to_click_on_download_statement" time="4.146" classname="stepDefinations.TpdDef"/>
  <testcase name="download_statement_pop_up_is_displayed" time="0.034" classname="stepDefinations.TpdDef"/>
  <testcase name="user_clicks_on_download" time="3.051" classname="stepDefinations.TpdDef"/>
  <testcase name="verify_the_file_is_downloaded" time="0.054" classname="stepDefinations.TpdDef"/>
  <testcase name="user_to_check_whether_select_all_is_enabled" time="2.033" classname="stepDefinations.TpdDef"/>
  <testcase name="user_clicks_on_select_all" time="0.058" classname="stepDefinations.TpdDef"/>
  <testcase name="verify_whether_all_the_checkboxes_are_enabled" time="2.231" classname="stepDefinations.TpdDef"/>
  <testcase name="user_to_click_on_clear_all" time="0.257" classname="stepDefinations.TpdDef"/>
  <testcase name="user_is_on_tpd_page" time="2.033" classname="stepDefinations.TpdDef"/>
  <testcase name="cycle_month_year_dropdown_is_displayed" time="0.037" classname="stepDefinations.TpdDef"/>
  <testcase name="verify_table_grid_is_dispalyed" time="0.145" classname="stepDefinations.TpdDef"/>
  <testcase name="verify_gross_total_is_displayed" time="0.024" classname="stepDefinations.TpdDef"/>
  <testcase name="verify_download_statement_is_displayed" time="0.05" classname="stepDefinations.TpdDef">
    <failure type="java.lang.AssertionError" message="expected [Download Statement] but found [Downloa Statement]">
      <![CDATA[java.lang.AssertionError: expected [Download Statement] but found [Downloa Statement]
at stepDefinations.TpdDef.verify_download_statement_is_displayed(TpdDef.java:296)
at java.util.ArrayList.forEach(Unknown Source)
... Removed 32 stack frames]]>
    </failure>
  </testcase> <!-- verify_download_statement_is_displayed -->
</testsuite> <!-- Test -->
