<html>
<head>
<title>TestNG:  Test</title>
<link href="../testng.css" rel="stylesheet" type="text/css" />
<link href="../my-testng.css" rel="stylesheet" type="text/css" />

<style type="text/css">
.log { display: none;} 
.stack-trace { display: none;} 
</style>
<script type="text/javascript">
<!--
function flip(e) {
  current = e.style.display;
  if (current == 'block') {
    e.style.display = 'none';
    return 0;
  }
  else {
    e.style.display = 'block';
    return 1;
  }
}

function toggleBox(szDivId, elem, msg1, msg2)
{
  var res = -1;  if (document.getElementById) {
    res = flip(document.getElementById(szDivId));
  }
  else if (document.all) {
    // this is the way old msie versions work
    res = flip(document.all[szDivId]);
  }
  if(elem) {
    if(res == 0) elem.innerHTML = msg1; else elem.innerHTML = msg2;
  }

}

function toggleAllBoxes() {
  if (document.getElementsByTagName) {
    d = document.getElementsByTagName('div');
    for (i = 0; i < d.length; i++) {
      if (d[i].className == 'log') {
        flip(d[i]);
      }
    }
  }
}

// -->
</script>

</head>
<body>
<h2 align='center'>Test</h2><table border='1' align="center">
<tr>
<td>Tests passed/Failed/Skipped:</td><td>18/1/0</td>
</tr><tr>
<td>Started on:</td><td>Tue Nov 17 10:48:07 IST 2020</td>
</tr>
<tr><td>Total time:</td><td>34 seconds (34668 ms)</td>
</tr><tr>
<td>Included groups:</td><td></td>
</tr><tr>
<td>Excluded groups:</td><td></td>
</tr>
</table><p/>
<small><i>(Hover the method name to see the test class name)</i></small><p/>
<table width='100%' border='1' class='invocation-failed'>
<tr><td colspan='4' align='center'><b>FAILED TESTS</b></td></tr>
<tr><td><b>Test method</b></td>
<td width="30%"><b>Exception</b></td>
<td width="10%"><b>Time (seconds)</b></td>
<td><b>Instance</b></td>
</tr>
<tr>
<td title='stepDefinations.TpdDef.verify_download_statement_is_displayed()'><b>verify_download_statement_is_displayed</b><br>Test class: stepDefinations.TpdDef</td>
<td><div><pre>java.lang.AssertionError: expected [Download Statement] but found [Downloa Statement]
	at stepDefinations.TpdDef.verify_download_statement_is_displayed(TpdDef.java:296)
	at java.util.ArrayList.forEach(Unknown Source)
... Removed 32 stack frames</pre></div><a href='#' onClick='toggleBox("stack-trace269244031", this, "Click to show all stack frames", "Click to hide stack frames")'>Click to show all stack frames</a>
<div class='stack-trace' id='stack-trace269244031'><pre>java.lang.AssertionError: expected [Download Statement] but found [Downloa Statement]
	at org.testng.Assert.fail(Assert.java:97)
	at org.testng.Assert.assertEqualsImpl(Assert.java:136)
	at org.testng.Assert.assertEquals(Assert.java:118)
	at org.testng.Assert.assertEquals(Assert.java:575)
	at org.testng.Assert.assertEquals(Assert.java:585)
	at stepDefinations.TpdDef.verify_download_statement_is_displayed(TpdDef.java:296)
	at sun.reflect.NativeMethodAccessorImpl.invoke0(Native Method)
	at sun.reflect.NativeMethodAccessorImpl.invoke(Unknown Source)
	at sun.reflect.DelegatingMethodAccessorImpl.invoke(Unknown Source)
	at java.lang.reflect.Method.invoke(Unknown Source)
	at org.testng.internal.MethodInvocationHelper.invokeMethod(MethodInvocationHelper.java:133)
	at org.testng.internal.TestInvoker.invokeMethod(TestInvoker.java:584)
	at org.testng.internal.TestInvoker.invokeTestMethod(TestInvoker.java:172)
	at org.testng.internal.MethodRunner.runInSequence(MethodRunner.java:46)
	at org.testng.internal.TestInvoker$MethodInvocationAgent.invoke(TestInvoker.java:804)
	at org.testng.internal.TestInvoker.invokeTestMethods(TestInvoker.java:145)
	at org.testng.internal.TestMethodWorker.invokeTestMethods(TestMethodWorker.java:146)
	at org.testng.internal.TestMethodWorker.run(TestMethodWorker.java:128)
	at java.util.ArrayList.forEach(Unknown Source)
	at org.testng.TestRunner.privateRun(TestRunner.java:770)
	at org.testng.TestRunner.run(TestRunner.java:591)
	at org.testng.SuiteRunner.runTest(SuiteRunner.java:402)
	at org.testng.SuiteRunner.runSequentially(SuiteRunner.java:396)
	at org.testng.SuiteRunner.privateRun(SuiteRunner.java:355)
	at org.testng.SuiteRunner.run(SuiteRunner.java:304)
	at org.testng.SuiteRunnerWorker.runSuite(SuiteRunnerWorker.java:53)
	at org.testng.SuiteRunnerWorker.run(SuiteRunnerWorker.java:96)
	at org.testng.TestNG.runSuitesSequentially(TestNG.java:1180)
	at org.testng.TestNG.runSuitesLocally(TestNG.java:1102)
	at org.testng.TestNG.runSuites(TestNG.java:1032)
	at org.testng.TestNG.run(TestNG.java:1000)
	at org.testng.remote.AbstractRemoteTestNG.run(AbstractRemoteTestNG.java:115)
	at org.testng.remote.RemoteTestNG.initAndRun(RemoteTestNG.java:251)
	at org.testng.remote.RemoteTestNG.main(RemoteTestNG.java:77)
</pre></div></td>
<td>0</td>
<td>stepDefinations.TpdDef@5d99c6b5</td></tr>
</table><p>
<table width='100%' border='1' class='invocation-passed'>
<tr><td colspan='4' align='center'><b>PASSED TESTS</b></td></tr>
<tr><td><b>Test method</b></td>
<td width="30%"><b>Exception</b></td>
<td width="10%"><b>Time (seconds)</b></td>
<td><b>Instance</b></td>
</tr>
<tr>
<td title='stepDefinations.TpdDef.cycle_month_year_dropdown_is_displayed()'><b>cycle_month_year_dropdown_is_displayed</b><br>Test class: stepDefinations.TpdDef</td>
<td></td>
<td>0</td>
<td>stepDefinations.TpdDef@5d99c6b5</td></tr>
<tr>
<td title='stepDefinations.TpdDef.download_statement_pop_up_is_displayed()'><b>download_statement_pop_up_is_displayed</b><br>Test class: stepDefinations.TpdDef</td>
<td></td>
<td>0</td>
<td>stepDefinations.TpdDef@5d99c6b5</td></tr>
<tr>
<td title='stepDefinations.TpdDef.select_cycle_month_year_in_the_dropdown_and_click_on_search()'><b>select_cycle_month_year_in_the_dropdown_and_click_on_search</b><br>Test class: stepDefinations.TpdDef</td>
<td></td>
<td>2</td>
<td>stepDefinations.TpdDef@5d99c6b5</td></tr>
<tr>
<td title='stepDefinations.TpdDef.user_clicks_on_download()'><b>user_clicks_on_download</b><br>Test class: stepDefinations.TpdDef</td>
<td></td>
<td>3</td>
<td>stepDefinations.TpdDef@5d99c6b5</td></tr>
<tr>
<td title='stepDefinations.TpdDef.user_clicks_on_select_all()'><b>user_clicks_on_select_all</b><br>Test class: stepDefinations.TpdDef</td>
<td></td>
<td>0</td>
<td>stepDefinations.TpdDef@5d99c6b5</td></tr>
<tr>
<td title='stepDefinations.TpdDef.user_clicks_on_show_hide()'><b>user_clicks_on_show_hide</b><br>Test class: stepDefinations.TpdDef</td>
<td></td>
<td>2</td>
<td>stepDefinations.TpdDef@5d99c6b5</td></tr>
<tr>
<td title='stepDefinations.TpdDef.user_enters_Username_and_Password_and_clicks_on_log_in()'><b>user_enters_Username_and_Password_and_clicks_on_log_in</b><br>Test class: stepDefinations.TpdDef</td>
<td></td>
<td>3</td>
<td>stepDefinations.TpdDef@5d99c6b5</td></tr>
<tr>
<td title='stepDefinations.TpdDef.user_is_On_TPD_Login_Page()'><b>user_is_On_TPD_Login_Page</b><br>Test class: stepDefinations.TpdDef</td>
<td></td>
<td>9</td>
<td>stepDefinations.TpdDef@5d99c6b5</td></tr>
<tr>
<td title='stepDefinations.TpdDef.user_is_on_tpd_page()'><b>user_is_on_tpd_page</b><br>Test class: stepDefinations.TpdDef</td>
<td></td>
<td>2</td>
<td>stepDefinations.TpdDef@5d99c6b5</td></tr>
<tr>
<td title='stepDefinations.TpdDef.user_to_check_whether_select_all_is_enabled()'><b>user_to_check_whether_select_all_is_enabled</b><br>Test class: stepDefinations.TpdDef</td>
<td></td>
<td>2</td>
<td>stepDefinations.TpdDef@5d99c6b5</td></tr>
<tr>
<td title='stepDefinations.TpdDef.user_to_click_on_clear_all()'><b>user_to_click_on_clear_all</b><br>Test class: stepDefinations.TpdDef</td>
<td></td>
<td>0</td>
<td>stepDefinations.TpdDef@5d99c6b5</td></tr>
<tr>
<td title='stepDefinations.TpdDef.user_to_click_on_download_statement()'><b>user_to_click_on_download_statement</b><br>Test class: stepDefinations.TpdDef</td>
<td></td>
<td>4</td>
<td>stepDefinations.TpdDef@5d99c6b5</td></tr>
<tr>
<td title='stepDefinations.TpdDef.validate_User_is_on_TPD_Page()'><b>validate_User_is_on_TPD_Page</b><br>Test class: stepDefinations.TpdDef</td>
<td></td>
<td>0</td>
<td>stepDefinations.TpdDef@5d99c6b5</td></tr>
<tr>
<td title='stepDefinations.TpdDef.verify_commission_statement_is_displayed()'><b>verify_commission_statement_is_displayed</b><br>Test class: stepDefinations.TpdDef</td>
<td></td>
<td>2</td>
<td>stepDefinations.TpdDef@5d99c6b5</td></tr>
<tr>
<td title='stepDefinations.TpdDef.verify_gross_total_is_displayed()'><b>verify_gross_total_is_displayed</b><br>Test class: stepDefinations.TpdDef</td>
<td></td>
<td>0</td>
<td>stepDefinations.TpdDef@5d99c6b5</td></tr>
<tr>
<td title='stepDefinations.TpdDef.verify_table_grid_is_dispalyed()'><b>verify_table_grid_is_dispalyed</b><br>Test class: stepDefinations.TpdDef</td>
<td></td>
<td>0</td>
<td>stepDefinations.TpdDef@5d99c6b5</td></tr>
<tr>
<td title='stepDefinations.TpdDef.verify_the_file_is_downloaded()'><b>verify_the_file_is_downloaded</b><br>Test class: stepDefinations.TpdDef</td>
<td></td>
<td>0</td>
<td>stepDefinations.TpdDef@5d99c6b5</td></tr>
<tr>
<td title='stepDefinations.TpdDef.verify_whether_all_the_checkboxes_are_enabled()'><b>verify_whether_all_the_checkboxes_are_enabled</b><br>Test class: stepDefinations.TpdDef</td>
<td></td>
<td>2</td>
<td>stepDefinations.TpdDef@5d99c6b5</td></tr>
</table><p>
</body>
</html>