<?xml version="1.0" encoding="UTF-8"?>
<!-- Generated by org.testng.reporters.JUnitReportReporter -->
<testsuite skipped="0" hostname="MONO-HYD-LAP-67" name="stepDefinations.TpdDef" tests="19" failures="1" timestamp="2020-11-17T10:48:41 IST" time="34.399" errors="0">
  <testcase name="user_is_On_TPD_Login_Page" time="9.990" classname="stepDefinations.TpdDef"/>
  <testcase name="user_enters_Username_and_Password_and_clicks_on_log_in" time="3.261" classname="stepDefinations.TpdDef"/>
  <testcase name="validate_User_is_on_TPD_Page" time="0.010" classname="stepDefinations.TpdDef"/>
  <testcase name="select_cycle_month_year_in_the_dropdown_and_click_on_search" time="2.334" classname="stepDefinations.TpdDef"/>
  <testcase name="verify_commission_statement_is_displayed" time="2.018" classname="stepDefinations.TpdDef"/>
  <testcase name="user_clicks_on_show_hide" time="2.633" classname="stepDefinations.TpdDef"/>
  <testcase name="user_to_click_on_download_statement" time="4.146" classname="stepDefinations.TpdDef"/>
  <testcase name="download_statement_pop_up_is_displayed" time="0.034" classname="stepDefinations.TpdDef"/>
  <testcase name="user_clicks_on_download" time="3.051" classname="stepDefinations.TpdDef"/>
  <testcase name="verify_the_file_is_downloaded" time="0.054" classname="stepDefinations.TpdDef"/>
  <testcase name="user_to_check_whether_select_all_is_enabled" time="2.033" classname="stepDefinations.TpdDef"/>
  <testcase name="user_clicks_on_select_all" time="0.058" classname="stepDefinations.TpdDef"/>
  <testcase name="verify_whether_all_the_checkboxes_are_enabled" time="2.231" classname="stepDefinations.TpdDef"/>
  <testcase name="user_to_click_on_clear_all" time="0.257" classname="stepDefinations.TpdDef"/>
  <testcase name="user_is_on_tpd_page" time="2.033" classname="stepDefinations.TpdDef"/>
  <testcase name="cycle_month_year_dropdown_is_displayed" time="0.037" classname="stepDefinations.TpdDef"/>
  <testcase name="verify_table_grid_is_dispalyed" time="0.145" classname="stepDefinations.TpdDef"/>
  <testcase name="verify_gross_total_is_displayed" time="0.024" classname="stepDefinations.TpdDef"/>
  <testcase name="verify_download_statement_is_displayed" time="0.050" classname="stepDefinations.TpdDef">
    <failure type="java.lang.AssertionError" message="expected [Download Statement] but found [Downloa Statement]">
      <![CDATA[java.lang.AssertionError: expected [Download Statement] but found [Downloa Statement]
at org.testng.Assert.fail(Assert.java:97)
at org.testng.Assert.assertEqualsImpl(Assert.java:136)
at org.testng.Assert.assertEquals(Assert.java:118)
at org.testng.Assert.assertEquals(Assert.java:575)
at org.testng.Assert.assertEquals(Assert.java:585)
at stepDefinations.TpdDef.verify_download_statement_is_displayed(TpdDef.java:296)
at sun.reflect.NativeMethodAccessorImpl.invoke0(Native Method)
at sun.reflect.NativeMethodAccessorImpl.invoke(Unknown Source)
at sun.reflect.DelegatingMethodAccessorImpl.invoke(Unknown Source)
at java.lang.reflect.Method.invoke(Unknown Source)
at org.testng.internal.MethodInvocationHelper.invokeMethod(MethodInvocationHelper.java:133)
at org.testng.internal.TestInvoker.invokeMethod(TestInvoker.java:584)
at org.testng.internal.TestInvoker.invokeTestMethod(TestInvoker.java:172)
at org.testng.internal.MethodRunner.runInSequence(MethodRunner.java:46)
at org.testng.internal.TestInvoker$MethodInvocationAgent.invoke(TestInvoker.java:804)
at org.testng.internal.TestInvoker.invokeTestMethods(TestInvoker.java:145)
at org.testng.internal.TestMethodWorker.invokeTestMethods(TestMethodWorker.java:146)
at org.testng.internal.TestMethodWorker.run(TestMethodWorker.java:128)
at java.util.ArrayList.forEach(Unknown Source)
at org.testng.TestRunner.privateRun(TestRunner.java:770)
at org.testng.TestRunner.run(TestRunner.java:591)
at org.testng.SuiteRunner.runTest(SuiteRunner.java:402)
at org.testng.SuiteRunner.runSequentially(SuiteRunner.java:396)
at org.testng.SuiteRunner.privateRun(SuiteRunner.java:355)
at org.testng.SuiteRunner.run(SuiteRunner.java:304)
at org.testng.SuiteRunnerWorker.runSuite(SuiteRunnerWorker.java:53)
at org.testng.SuiteRunnerWorker.run(SuiteRunnerWorker.java:96)
at org.testng.TestNG.runSuitesSequentially(TestNG.java:1180)
at org.testng.TestNG.runSuitesLocally(TestNG.java:1102)
at org.testng.TestNG.runSuites(TestNG.java:1032)
at org.testng.TestNG.run(TestNG.java:1000)
at org.testng.remote.AbstractRemoteTestNG.run(AbstractRemoteTestNG.java:115)
at org.testng.remote.RemoteTestNG.initAndRun(RemoteTestNG.java:251)
at org.testng.remote.RemoteTestNG.main(RemoteTestNG.java:77)
]]>
    </failure>
  </testcase> <!-- verify_download_statement_is_displayed -->
</testsuite> <!-- stepDefinations.TpdDef -->
